2026-05-16 22:38:06,717 - INFO - Sentiment result: {'sentiment': 'positive', 'confidence': 0.8832, 'scores': {'neg': 0.109, 'neu': 0.362, 'pos': 0.529, 'compound': 0.8832}}
2026-05-16 22:39:44,510 - INFO - Processing text: I love this dashboard! It works perfectly 😍🔥
2026-05-16 22:39:44,510 - INFO - Sentiment result: {'sentiment': 'positive', 'confidence': 0.8832, 'scores': {'neg': 0.109, 'neu': 0.362, 'pos': 0.529, 'compound': 0.8832}}
2026-05-16 22:42:58,133 - INFO - Processing text: I love this dashboard! It works perfectly 😍🔥
2026-05-16 22:42:58,133 - INFO - Sentiment result: {'sentiment': 'positive', 'confidence': 0.8832, 'scores': {'neg': 0.109, 'neu': 0.362, 'pos': 0.529, 'compound': 0.8832}}
2026-05-17 12:59:05,047 - INFO - Processing text: I love this dashboard! It works perfectly 😍🔥
2026-05-17 12:59:05,049 - INFO - Sentiment result: {'sentiment': 'positive', 'confidence': 0.8832, 'scores': {'neg': 0.109, 'neu': 0.362, 'pos': 0.529, 'compound': 0.8832}}
2026-05-18 20:25:33,451 - INFO - HTTP Request: HEAD https://huggingface.co/distilbert/distilbert-base-uncased-finetuned-sst-2-english/resolve/main/config.json "HTTP/1.1 307 Temporary Redirect"
2026-05-18 20:25:36,543 - INFO - HTTP Request: HEAD https://huggingface.co/api/resolve-cache/models/distilbert/distilbert-base-uncased-finetuned-sst-2-english/714eb0fa89d2f80546fda750413ed43d93601a13/config.json "HTTP/1.1 200 OK"
2026-05-18 20:25:41,357 - INFO - HTTP Request: GET https://huggingface.co/api/models/distilbert/distilbert-base-uncased-finetuned-sst-2-english/tree/main/additional_chat_templates?recursive=false&expand=false "HTTP/1.1 404 Not Found"
2026-05-18 20:25:41,712 - INFO - HTTP Request: GET https://huggingface.co/api/models/distilbert/distilbert-base-uncased-finetuned-sst-2-english/tree/main?recursive=true&expand=false "HTTP/1.1 200 OK"
2026-05-18 20:25:41,779 - INFO - Processing text: This dashboard is amazing!
2026-05-18 20:25:41,780 - INFO - Sentiment result: {'sentiment': 'positive', 'confidence': 0.6239, 'scores': {'neg': 0.0, 'neu': 0.423, 'pos': 0.577, 'compound': 0.6239}}
2026-05-18 20:25:41,780 - INFO - Running DistilBERT on: This dashboard is amazing!
2026-05-18 20:25:41,858 - INFO - DistilBERT Result: {'model': 'DistilBERT', 'sentiment': 'Positive', 'confidence_score': 0.9999, 'prediction_time': 0.0782}
2026-05-18 20:25:41,859 - INFO - Processing text: The UI is terrible and slow.
2026-05-18 20:25:41,859 - INFO - Sentiment result: {'sentiment': 'negative', 'confidence': 0.4767, 'scores': {'neg': 0.383, 'neu': 0.617, 'pos': 0.0, 'compound': -0.4767}}
2026-05-18 20:25:41,860 - INFO - Running DistilBERT on: The UI is terrible and slow.
2026-05-18 20:25:41,882 - INFO - DistilBERT Result: {'model': 'DistilBERT', 'sentiment': 'Negative', 'confidence_score': 0.9997, 'prediction_time': 0.0222}
2026-05-18 20:25:41,883 - INFO - Processing text: The app is okay for now.
2026-05-18 20:25:41,883 - INFO - Sentiment result: {'sentiment': 'positive', 'confidence': 0.2263, 'scores': {'neg': 0.0, 'neu': 0.725, 'pos': 0.275, 'compound': 0.2263}}
2026-05-18 20:25:41,883 - INFO - Running DistilBERT on: The app is okay for now.
2026-05-18 20:25:41,902 - INFO - DistilBERT Result: {'model': 'DistilBERT', 'sentiment': 'Positive', 'confidence_score': 0.9992, 'prediction_time': 0.0186}
2026-05-18 20:25:41,903 - INFO - Processing text: I absolutely love the charts.
2026-05-18 20:25:41,903 - INFO - Sentiment result: {'sentiment': 'positive', 'confidence': 0.6697, 'scores': {'neg': 0.0, 'neu': 0.471, 'pos': 0.529, 'compound': 0.6697}}
2026-05-18 20:25:41,903 - INFO - Running DistilBERT on: I absolutely love the charts.
2026-05-18 20:25:41,925 - INFO - DistilBERT Result: {'model': 'DistilBERT', 'sentiment': 'Positive', 'confidence_score': 0.9999, 'prediction_time': 0.0218}
2026-05-18 20:25:41,926 - INFO - Processing text: This is the worst update ever.
2026-05-18 20:25:41,926 - INFO - Sentiment result: {'sentiment': 'negative', 'confidence': 0.6249, 'scores': {'neg': 0.451, 'neu': 0.549, 'pos': 0.0, 'compound': -0.6249}}
2026-05-18 20:25:41,926 - INFO - Running DistilBERT on: This is the worst update ever.
2026-05-18 20:25:41,946 - INFO - DistilBERT Result: {'model': 'DistilBERT', 'sentiment': 'Negative', 'confidence_score': 0.9998, 'prediction_time': 0.0197}
